<?xml version="1.0" encoding="UTF-8"?>
<testng-results ignored="0" total="5" passed="5" failed="0" skipped="0">
  <reporter-output>
  </reporter-output>
  <suite started-at="2021-04-24T20:56:14 CDT" name="InetBankingV1" finished-at="2021-04-24T20:57:37 CDT" duration-ms="82907">
    <groups>
    </groups>
    <test started-at="2021-04-24T20:56:14 CDT" name="BankingApp Test" finished-at="2021-04-24T20:57:37 CDT" duration-ms="82907">
      <class name="com.inetbanking.testCases.TC_LoginTest_001">
        <test-method is-config="true" signature="setup(java.lang.String)[pri:0, instance:com.inetbanking.testCases.TC_LoginTest_001@6e509ffa]" started-at="2021-04-24T20:56:59 CDT" name="setup" finished-at="2021-04-24T20:57:02 CDT" duration-ms="3823" status="PASS">
          <params>
            <param index="0">
              <value>
                <![CDATA[chrome]]>
              </value>
            </param>
          </params>
          <reporter-output>
          </reporter-output>
        </test-method> <!-- setup -->
        <test-method signature="loginTest()[pri:0, instance:com.inetbanking.testCases.TC_LoginTest_001@6e509ffa]" started-at="2021-04-24T20:57:02 CDT" name="loginTest" finished-at="2021-04-24T20:57:06 CDT" duration-ms="3370" status="PASS">
          <reporter-output>
          </reporter-output>
        </test-method> <!-- loginTest -->
        <test-method is-config="true" signature="tearDown()[pri:0, instance:com.inetbanking.testCases.TC_LoginTest_001@6e509ffa]" started-at="2021-04-24T20:57:06 CDT" name="tearDown" finished-at="2021-04-24T20:57:07 CDT" duration-ms="862" status="PASS">
          <reporter-output>
          </reporter-output>
        </test-method> <!-- tearDown -->
      </class> <!-- com.inetbanking.testCases.TC_LoginTest_001 -->
      <class name="com.inetbanking.testCases.TC_LoginDDT_002">
        <test-method is-config="true" signature="setup(java.lang.String)[pri:0, instance:com.inetbanking.testCases.TC_LoginDDT_002@2898ac89]" started-at="2021-04-24T20:57:07 CDT" name="setup" finished-at="2021-04-24T20:57:10 CDT" duration-ms="3674" status="PASS">
          <params>
            <param index="0">
              <value>
                <![CDATA[chrome]]>
              </value>
            </param>
          </params>
          <reporter-output>
          </reporter-output>
        </test-method> <!-- setup -->
        <test-method signature="loginDDT(java.lang.String, java.lang.String)[pri:0, instance:com.inetbanking.testCases.TC_LoginDDT_002@2898ac89]" started-at="2021-04-24T20:57:11 CDT" name="loginDDT" data-provider="LoginData" finished-at="2021-04-24T20:57:20 CDT" duration-ms="8584" status="PASS">
          <params>
            <param index="0">
              <value>
                <![CDATA[mngr320270]]>
              </value>
            </param>
            <param index="1">
              <value>
                <![CDATA[YmyqYgy]]>
              </value>
            </param>
          </params>
          <reporter-output>
          </reporter-output>
        </test-method> <!-- loginDDT -->
        <test-method signature="loginDDT(java.lang.String, java.lang.String)[pri:0, instance:com.inetbanking.testCases.TC_LoginDDT_002@2898ac89]" started-at="2021-04-24T20:57:20 CDT" name="loginDDT" data-provider="LoginData" finished-at="2021-04-24T20:57:28 CDT" duration-ms="8311" status="PASS">
          <params>
            <param index="0">
              <value>
                <![CDATA[mngr320332]]>
              </value>
            </param>
            <param index="1">
              <value>
                <![CDATA[yratutU]]>
              </value>
            </param>
          </params>
          <reporter-output>
          </reporter-output>
        </test-method> <!-- loginDDT -->
        <test-method signature="loginDDT(java.lang.String, java.lang.String)[pri:0, instance:com.inetbanking.testCases.TC_LoginDDT_002@2898ac89]" started-at="2021-04-24T20:57:28 CDT" name="loginDDT" data-provider="LoginData" finished-at="2021-04-24T20:57:37 CDT" duration-ms="8478" status="PASS">
          <params>
            <param index="0">
              <value>
                <![CDATA[mngr320334]]>
              </value>
            </param>
            <param index="1">
              <value>
                <![CDATA[jygYres]]>
              </value>
            </param>
          </params>
          <reporter-output>
          </reporter-output>
        </test-method> <!-- loginDDT -->
        <test-method is-config="true" signature="tearDown()[pri:0, instance:com.inetbanking.testCases.TC_LoginDDT_002@2898ac89]" started-at="2021-04-24T20:57:37 CDT" name="tearDown" finished-at="2021-04-24T20:57:37 CDT" duration-ms="611" status="PASS">
          <reporter-output>
          </reporter-output>
        </test-method> <!-- tearDown -->
      </class> <!-- com.inetbanking.testCases.TC_LoginDDT_002 -->
      <class name="com.inetbanking.testCases.TC_AddCustomerTest_003">
        <test-method is-config="true" signature="setup(java.lang.String)[pri:0, instance:com.inetbanking.testCases.TC_AddCustomerTest_003@d21a74c]" started-at="2021-04-24T20:56:14 CDT" name="setup" finished-at="2021-04-24T20:56:19 CDT" duration-ms="4127" status="PASS">
          <params>
            <param index="0">
              <value>
                <![CDATA[chrome]]>
              </value>
            </param>
          </params>
          <reporter-output>
          </reporter-output>
        </test-method> <!-- setup -->
        <test-method signature="addNewCustomer()[pri:0, instance:com.inetbanking.testCases.TC_AddCustomerTest_003@d21a74c]" started-at="2021-04-24T20:56:19 CDT" name="addNewCustomer" finished-at="2021-04-24T20:56:58 CDT" duration-ms="39265" status="PASS">
          <reporter-output>
          </reporter-output>
        </test-method> <!-- addNewCustomer -->
        <test-method is-config="true" signature="tearDown()[pri:0, instance:com.inetbanking.testCases.TC_AddCustomerTest_003@d21a74c]" started-at="2021-04-24T20:56:58 CDT" name="tearDown" finished-at="2021-04-24T20:56:59 CDT" duration-ms="655" status="PASS">
          <reporter-output>
          </reporter-output>
        </test-method> <!-- tearDown -->
      </class> <!-- com.inetbanking.testCases.TC_AddCustomerTest_003 -->
    </test> <!-- BankingApp Test -->
  </suite> <!-- InetBankingV1 -->
</testng-results>
